<?xml version="1.0" encoding="UTF-8"?>
<!-- Generated by org.testng.reporters.JUnitReportReporter -->
<testsuite hostname="BNGLT-4T55T72" name="scripts.Test1_Action" tests="1" failures="0" timestamp="14 Nov 2018 09:44:08 GMT" time="9.053" errors="0">
  <testcase name="Test1" time="9.053" classname="scripts.Test1_Action"/>
</testsuite> <!-- scripts.Test1_Action -->
